<?xml version="1.0" encoding="UTF-8"?>
<robot generator="Robot 6.1.1 (Python 3.10.12 on linux)" generated="20231129 14:55:23.115" rpa="false" schemaversion="4">
<suite id="s1" name="Robot" source="/home/alasanni/ohtu-miniprojekti/src/tests/robot">
<suite id="s1-s1" name="Create Cite" source="/home/alasanni/ohtu-miniprojekti/src/tests/robot/create_cite.robot">
<test id="s1-s1-t1" name="Run App And End With Lopeta" line="6">
<kw name="Empty Database" library="resource" type="SETUP">
<kw name="Empty Db" library="AppLibrary">
<status status="PASS" starttime="20231129 14:55:23.134" endtime="20231129 14:55:23.152"/>
</kw>
<status status="PASS" starttime="20231129 14:55:23.133" endtime="20231129 14:55:23.152"/>
</kw>
<kw name="Run App" library="resource">
<kw name="Input" library="AppLibrary">
<arg>lopeta</arg>
<status status="PASS" starttime="20231129 14:55:23.153" endtime="20231129 14:55:23.153"/>
</kw>
<kw name="Start App" library="AppLibrary">
<status status="PASS" starttime="20231129 14:55:23.153" endtime="20231129 14:55:23.153"/>
</kw>
<status status="PASS" starttime="20231129 14:55:23.153" endtime="20231129 14:55:23.153"/>
</kw>
<status status="PASS" starttime="20231129 14:55:23.133" endtime="20231129 14:55:23.153"/>
</test>
<test id="s1-s1-t2" name="Add Cite With Incorrect Choice" line="9">
<kw name="Empty Database" library="resource" type="SETUP">
<kw name="Empty Db" library="AppLibrary">
<status status="PASS" starttime="20231129 14:55:23.154" endtime="20231129 14:55:23.161"/>
</kw>
<status status="PASS" starttime="20231129 14:55:23.153" endtime="20231129 14:55:23.161"/>
</kw>
<kw name="Add Cite" library="resource">
<arg>eiole</arg>
<arg>lopeta</arg>
<arg>..</arg>
<arg>..</arg>
<arg>..</arg>
<arg>..</arg>
<kw name="Input" library="AppLibrary">
<arg>${choise}</arg>
<status status="PASS" starttime="20231129 14:55:23.161" endtime="20231129 14:55:23.161"/>
</kw>
<kw name="Input" library="AppLibrary">
<arg>${type}</arg>
<status status="PASS" starttime="20231129 14:55:23.162" endtime="20231129 14:55:23.162"/>
</kw>
<kw name="Input" library="AppLibrary">
<arg>${name}</arg>
<status status="PASS" starttime="20231129 14:55:23.162" endtime="20231129 14:55:23.162"/>
</kw>
<kw name="Input" library="AppLibrary">
<arg>${authors}</arg>
<status status="PASS" starttime="20231129 14:55:23.162" endtime="20231129 14:55:23.162"/>
</kw>
<kw name="Input" library="AppLibrary">
<arg>${title}</arg>
<status status="PASS" starttime="20231129 14:55:23.162" endtime="20231129 14:55:23.162"/>
</kw>
<kw name="Input" library="AppLibrary">
<arg>${year}</arg>
<status status="PASS" starttime="20231129 14:55:23.162" endtime="20231129 14:55:23.162"/>
</kw>
<status status="PASS" starttime="20231129 14:55:23.161" endtime="20231129 14:55:23.162"/>
</kw>
<kw name="Incorrect Input">
<kw name="Run App" library="resource">
<kw name="Input" library="AppLibrary">
<arg>lopeta</arg>
<status status="PASS" starttime="20231129 14:55:23.162" endtime="20231129 14:55:23.163"/>
</kw>
<kw name="Start App" library="AppLibrary">
<status status="PASS" starttime="20231129 14:55:23.163" endtime="20231129 14:55:23.163"/>
</kw>
<status status="PASS" starttime="20231129 14:55:23.162" endtime="20231129 14:55:23.163"/>
</kw>
<kw name="Output Should Contain" library="resource">
<arg>Toimintoa ei olemassa tai ei toteutettu vielä.</arg>
<kw name="Output Contains" library="AppLibrary">
<arg>${value}</arg>
<status status="PASS" starttime="20231129 14:55:23.163" endtime="20231129 14:55:23.163"/>
</kw>
<status status="PASS" starttime="20231129 14:55:23.163" endtime="20231129 14:55:23.163"/>
</kw>
<status status="PASS" starttime="20231129 14:55:23.162" endtime="20231129 14:55:23.163"/>
</kw>
<status status="PASS" starttime="20231129 14:55:23.153" endtime="20231129 14:55:23.163"/>
</test>
<test id="s1-s1-t3" name="Add Cite With Incorrect Type" line="13">
<kw name="Empty Database" library="resource" type="SETUP">
<kw name="Empty Db" library="AppLibrary">
<status status="PASS" starttime="20231129 14:55:23.164" endtime="20231129 14:55:23.171"/>
</kw>
<status status="PASS" starttime="20231129 14:55:23.163" endtime="20231129 14:55:23.171"/>
</kw>
<kw name="Add Cite" library="resource">
<arg>lisää</arg>
<arg>eiole</arg>
<arg>lopeta</arg>
<arg>..</arg>
<arg>..</arg>
<arg>..</arg>
<kw name="Input" library="AppLibrary">
<arg>${choise}</arg>
<status status="PASS" starttime="20231129 14:55:23.171" endtime="20231129 14:55:23.171"/>
</kw>
<kw name="Input" library="AppLibrary">
<arg>${type}</arg>
<status status="PASS" starttime="20231129 14:55:23.171" endtime="20231129 14:55:23.171"/>
</kw>
<kw name="Input" library="AppLibrary">
<arg>${name}</arg>
<status status="PASS" starttime="20231129 14:55:23.171" endtime="20231129 14:55:23.171"/>
</kw>
<kw name="Input" library="AppLibrary">
<arg>${authors}</arg>
<status status="PASS" starttime="20231129 14:55:23.171" endtime="20231129 14:55:23.172"/>
</kw>
<kw name="Input" library="AppLibrary">
<arg>${title}</arg>
<status status="PASS" starttime="20231129 14:55:23.172" endtime="20231129 14:55:23.172"/>
</kw>
<kw name="Input" library="AppLibrary">
<arg>${year}</arg>
<status status="PASS" starttime="20231129 14:55:23.172" endtime="20231129 14:55:23.172"/>
</kw>
<status status="PASS" starttime="20231129 14:55:23.171" endtime="20231129 14:55:23.172"/>
</kw>
<kw name="Incorrect Input">
<kw name="Run App" library="resource">
<kw name="Input" library="AppLibrary">
<arg>lopeta</arg>
<status status="PASS" starttime="20231129 14:55:23.172" endtime="20231129 14:55:23.172"/>
</kw>
<kw name="Start App" library="AppLibrary">
<status status="PASS" starttime="20231129 14:55:23.172" endtime="20231129 14:55:23.172"/>
</kw>
<status status="PASS" starttime="20231129 14:55:23.172" endtime="20231129 14:55:23.172"/>
</kw>
<kw name="Output Should Contain" library="resource">
<arg>Toimintoa ei olemassa tai ei toteutettu vielä.</arg>
<kw name="Output Contains" library="AppLibrary">
<arg>${value}</arg>
<status status="PASS" starttime="20231129 14:55:23.172" endtime="20231129 14:55:23.173"/>
</kw>
<status status="PASS" starttime="20231129 14:55:23.172" endtime="20231129 14:55:23.173"/>
</kw>
<status status="PASS" starttime="20231129 14:55:23.172" endtime="20231129 14:55:23.173"/>
</kw>
<status status="PASS" starttime="20231129 14:55:23.163" endtime="20231129 14:55:23.173"/>
</test>
<test id="s1-s1-t4" name="Add Cite With Correct Inputs" line="18">
<kw name="Empty Database" library="resource" type="SETUP">
<kw name="Empty Db" library="AppLibrary">
<status status="PASS" starttime="20231129 14:55:23.173" endtime="20231129 14:55:23.180"/>
</kw>
<status status="PASS" starttime="20231129 14:55:23.173" endtime="20231129 14:55:23.180"/>
</kw>
<kw name="Add Cite" library="resource">
<arg>lisää</arg>
<arg>1</arg>
<arg>robotesti</arg>
<arg>Robotti Ruttunen</arg>
<arg>Robotin ohjekirja</arg>
<arg>2023</arg>
<kw name="Input" library="AppLibrary">
<arg>${choise}</arg>
<status status="PASS" starttime="20231129 14:55:23.181" endtime="20231129 14:55:23.181"/>
</kw>
<kw name="Input" library="AppLibrary">
<arg>${type}</arg>
<status status="PASS" starttime="20231129 14:55:23.181" endtime="20231129 14:55:23.181"/>
</kw>
<kw name="Input" library="AppLibrary">
<arg>${name}</arg>
<status status="PASS" starttime="20231129 14:55:23.181" endtime="20231129 14:55:23.181"/>
</kw>
<kw name="Input" library="AppLibrary">
<arg>${authors}</arg>
<status status="PASS" starttime="20231129 14:55:23.181" endtime="20231129 14:55:23.181"/>
</kw>
<kw name="Input" library="AppLibrary">
<arg>${title}</arg>
<status status="PASS" starttime="20231129 14:55:23.181" endtime="20231129 14:55:23.181"/>
</kw>
<kw name="Input" library="AppLibrary">
<arg>${year}</arg>
<status status="PASS" starttime="20231129 14:55:23.181" endtime="20231129 14:55:23.182"/>
</kw>
<status status="PASS" starttime="20231129 14:55:23.180" endtime="20231129 14:55:23.182"/>
</kw>
<kw name="Add Cite" library="resource">
<arg>lisää</arg>
<arg>2</arg>
<arg>robo2</arg>
<arg>Sähkövirta Smith , Aarne Terästähti</arg>
<arg>Robottien tulevaisuus</arg>
<arg>1989</arg>
<kw name="Input" library="AppLibrary">
<arg>${choise}</arg>
<status status="PASS" starttime="20231129 14:55:23.182" endtime="20231129 14:55:23.182"/>
</kw>
<kw name="Input" library="AppLibrary">
<arg>${type}</arg>
<status status="PASS" starttime="20231129 14:55:23.182" endtime="20231129 14:55:23.182"/>
</kw>
<kw name="Input" library="AppLibrary">
<arg>${name}</arg>
<status status="PASS" starttime="20231129 14:55:23.182" endtime="20231129 14:55:23.182"/>
</kw>
<kw name="Input" library="AppLibrary">
<arg>${authors}</arg>
<status status="PASS" starttime="20231129 14:55:23.182" endtime="20231129 14:55:23.182"/>
</kw>
<kw name="Input" library="AppLibrary">
<arg>${title}</arg>
<status status="PASS" starttime="20231129 14:55:23.182" endtime="20231129 14:55:23.183"/>
</kw>
<kw name="Input" library="AppLibrary">
<arg>${year}</arg>
<status status="PASS" starttime="20231129 14:55:23.183" endtime="20231129 14:55:23.183"/>
</kw>
<status status="PASS" starttime="20231129 14:55:23.182" endtime="20231129 14:55:23.183"/>
</kw>
<kw name="Run App" library="resource">
<kw name="Input" library="AppLibrary">
<arg>lopeta</arg>
<status status="PASS" starttime="20231129 14:55:23.183" endtime="20231129 14:55:23.183"/>
</kw>
<kw name="Start App" library="AppLibrary">
<status status="PASS" starttime="20231129 14:55:23.183" endtime="20231129 14:55:23.186"/>
</kw>
<status status="PASS" starttime="20231129 14:55:23.183" endtime="20231129 14:55:23.186"/>
</kw>
<status status="PASS" starttime="20231129 14:55:23.173" endtime="20231129 14:55:23.186"/>
</test>
<status status="PASS" starttime="20231129 14:55:23.126" endtime="20231129 14:55:23.186"/>
</suite>
<status status="PASS" starttime="20231129 14:55:23.116" endtime="20231129 14:55:23.187"/>
</suite>
<statistics>
<total>
<stat pass="4" fail="0" skip="0">All Tests</stat>
</total>
<tag>
</tag>
<suite>
<stat pass="4" fail="0" skip="0" id="s1" name="Robot">Robot</stat>
<stat pass="4" fail="0" skip="0" id="s1-s1" name="Create Cite">Robot.Create Cite</stat>
</suite>
</statistics>
<errors>
</errors>
</robot>
